<?xml version="1.0" encoding="UTF-8"?>
<!-- Generated by org.testng.reporters.JUnitReportReporter -->
<testsuite skipped="0" hostname="DESKTOP-S5VR2S8" name="testcases.SimpliLearnLoginTest" tests="3" failures="0" timestamp="2022-09-17T02:25:13 EDT" time="20.288" errors="0">
  <testcase name="test1" time="6.169" classname="testcases.SimpliLearnLoginTest"/>
  <testcase name="Test3" time="7.836" classname="testcases.SimpliLearnLoginTest"/>
  <testcase name="Test2" time="6.283" classname="testcases.SimpliLearnLoginTest"/>
</testsuite> <!-- testcases.SimpliLearnLoginTest -->
