<?xml version="1.0" encoding="UTF-8"?>
<!-- Generated by org.testng.reporters.JUnitReportReporter -->
<testsuite skipped="0" hostname="DESKTOP-S5VR2S8" name="testcases.HomeTest" tests="1" failures="0" timestamp="2022-09-16T23:28:07 EDT" time="4.395" errors="0">
  <testcase name="Test1" time="4.395" classname="testcases.HomeTest"/>
  <system-out/>
</testsuite> <!-- testcases.HomeTest -->
