<?xml version="1.0" encoding="UTF-8"?>
<!-- Generated by org.testng.reporters.JUnitReportReporter -->
<testsuite hostname="DESKTOP-S5VR2S8" failures="0" tests="3" name="testcases.SimpliLearnLoginTest" time="21.998" errors="0" timestamp="2022-09-17T23:59:53 EDT" skipped="0">
  <testcase classname="testcases.SimpliLearnLoginTest" name="Test2" time="9.274"/>
  <system-out/>
  <testcase classname="testcases.SimpliLearnLoginTest" name="test1" time="5.024"/>
  <system-out/>
  <testcase classname="testcases.SimpliLearnLoginTest" name="Test3" time="7.700"/>
  <system-out/>
</testsuite> <!-- testcases.SimpliLearnLoginTest -->
